(---------------------------------------------------------------------)
(                                                                     )
(    IPC2581 Export                                                   )
(                                                                     )
(    Software Version : 24.1P001                                      )
(    Date/Time        : Thu Nov 21 21:12:50 2024                      )
(                                                                     )
(---------------------------------------------------------------------)




WARNING: Design outline is missing on the layer "BOARD GEOMETRY/DESIGN_OUTLINE"
 'DESIGN_OUTLINE' and 'CUTOUT', are the preferred subclasses for defining an outline.



Collecting net list ...



Collecting padstack defintions ...



Collecting package defintions ...



Collecting component descriptions ...



Collecting BOM items ...



Property configuration file: C:/Jeonghyun/Lab/RFSoC_Frontend6/allegro/ipc2581_attr_config.atr
IPC2581 file: C:/Jeonghyun/Lab/RFSoC_Frontend6/IPC2581/rfmc_frontend_v1_00.xml
IPC2581 version: IPC2581-B
BRD file: C:/Jeonghyun/Lab/RFSoC_Frontend6/allegro/rfmc_frontend_v1_00.brd
IPC2581 units: INCH
Global package pin1 orientation: OTHER
Default symbol height: 0.15
Export drill information?: YES
Export backdrill information?: NO
Export BOM information?: YES
Export component descriptions?: YES
Export component packages?: YES
Export land patterns?: YES
Export device descriptions?: YES
Export net list?: YES
Export hierarchical layer/stack instance?: YES
Export Outer Copper Layers?: YES
Export Inner Layers?: YES
Export Documentation Layers?: YES
Export Miscellaneous Image Layers?: YES
Export SolderMask/SolderPaste Legend Layers?: YES
Export vector text?: YES
Export cavities?: NO
Export padstack definitions?: YES
Export zip file?: NO
a2ipc2581 complete.
