Fri Jan  3 21:35:30 2025				Page     1


 
Update Symbols/Modules Logfile
	Fri Jan  3 21:35:30 2025

------ Module Refresh Messages ------

SUMMARY:    Updated 0 out of 0 modules

------ End Module Messages     ------



(---------------------------------------------------------------------)
(                                                                     )
(    Refresh Symbol                                                   )
(                                                                     )
(    Drawing          : rfmc_frontend_v1_00.brd                       )
(    Software Version : 24.1P001                                      )
(    Date/Time        : Fri Jan  3 21:35:30 2025                      )
(                                                                     )
(---------------------------------------------------------------------)


Fri Jan  3 21:35:30 2025				Page     1


------ Symbol Refresh Directives ------

Input design  = 'C:/Jeonghyun/Lab/RFSoC_Frontend16/allegro/rfmc_frontend_v1_00.brd'
Output design = ''

Update mechanical symbols              = 'NO'
Update format symbols                  = 'NO'
Update package symbols                 = 'NO'
Update shape/flash symbols             = 'NO'
Update symbol padstacks                = 'YES'
Preserve padstacks replaced on pins    = 'NO'
Reset symbol text and size locations   = 'NO'
Reset Pin Escapes (fanouts)            = 'NO'
Ripup Etch                             = 'NO'
Reset custom drill data                = 'NO'
Symbol list file                       = 'C:/Users/alexi/AppData/Local/Temp/#Taaaaaq38304.tmp'


------ Library Paths ------
PSMPATH =  . 
           symbols 
           .. 
           ../symbols 
           C:/SPB_DATA/cdssetup/OrCAD_Capture/23.1.0/downloaded_parts/allegropcb 
           C:/Cadence/OrCADX_23.1/share/pcb/pcb_lib/symbols 
           C:/SPB_DATA/cdssetup/OrCAD_Capture/24.1.0/downloaded_parts/allegropcb 

PADPATH =  . 
           symbols 
           .. 
           C:/Jeonghyun/Lab/AD9910_Enclosure/ProfilePCB 
           C:/SPB_DATA/cdssetup/OrCAD_Capture/23.1.0/downloaded_parts/allegropcb 
           C:/Cadence/OrCADX_23.1/share/pcb/pcb_lib/symbols 
           C:/SPB_DATA/cdssetup/OrCAD_Capture/24.1.0/downloaded_parts/allegropcb 
           C:/Cadence/OrCADX_24.1/share/pcb/pcb_lib/symbols 


------ Symbol Refresh Messages ------

'TCM233X'  symbol refreshed successfully.
'LFCG1000'  symbol refreshed successfully.


------ Updating padstacks referring to the refreshed shapes and flash symbols.  ------



------ Pad Stack Refresh Messages ------

'R100_35'  pad stack refreshed successfully.
'R165_76'  pad stack refreshed successfully.


----- Symbol Update Summary ----

Updated symbols: 2 out 2
    Design updated.

