
---------------------------------------------------------------------------
BOARD: C:/Jeonghyun/Lab/RFSoC_Frontend12/allegro/rfmc_frontend_v1_00.brd ROUTER: 24.1
DATE: Wed Dec 25 16:36:34 2024        HOST: LAPTOP-ETOV1IS0
---------------------------------------------------------------------------
Cnt St-ex Router      Att  Inv Miss Com% Drcs Vias   Etch  Cpu exec  Cpu Tot
--------- ------    ----- ---- ---- ---- ---- ---- ------  -------- --------
  Start    ----      1389    5    5  99%    0 5209   643.0  0:00:06  0:00:06

---------------------------------------------------------------------------
BOARD: C:/Jeonghyun/Lab/RFSoC_Frontend12/allegro/rfmc_frontend_v1_00.brd ROUTER: 24.1
DATE: Wed Dec 25 16:36:35 2024        HOST: LAPTOP-ETOV1IS0
---------------------------------------------------------------------------
Cnt St-ex Router      Att  Inv Miss Com% Drcs Vias   Etch  Cpu exec  Cpu Tot
--------- ------    ----- ---- ---- ---- ---- ---- ------  -------- --------
  Start    ----      1389    5    5  99%    0 5209   322.0  0:00:07  0:00:07

---------------------------------------------------------------------------
BOARD: C:/Jeonghyun/Lab/RFSoC_Frontend12/allegro/rfmc_frontend_v1_00.brd ROUTER: 24.1
DATE: Wed Dec 25 16:36:37 2024        HOST: LAPTOP-ETOV1IS0
---------------------------------------------------------------------------
Cnt St-ex Router      Att  Inv Miss Com% Drcs Vias   Etch  Cpu exec  Cpu Tot
--------- ------    ----- ---- ---- ---- ---- ---- ------  -------- --------
  Start    ----      1389    5    5  99%    0 5206   322.0  0:00:09  0:00:09
